[debug] [2025-05-19T20:53:30.557Z] ----------------------------------------------------------------------
[debug] [2025-05-19T20:53:30.558Z] Command:       /opt/homebrew/Cellar/node@20/20.19.0_1/bin/node /opt/homebrew/bin/firebase deploy
[debug] [2025-05-19T20:53:30.558Z] CLI Version:   14.4.0
[debug] [2025-05-19T20:53:30.559Z] Platform:      darwin
[debug] [2025-05-19T20:53:30.559Z] Node Version:  v20.19.0
[debug] [2025-05-19T20:53:30.559Z] Time:          Mon May 19 2025 22:53:30 GMT+0200 (Central European Summer Time)
[debug] [2025-05-19T20:53:30.559Z] ----------------------------------------------------------------------
[debug] 
[debug] [2025-05-19T20:53:30.651Z] > command requires scopes: ["email","openid","https://www.googleapis.com/auth/cloudplatformprojects.readonly","https://www.googleapis.com/auth/firebase","https://www.googleapis.com/auth/cloud-platform"]
[debug] [2025-05-19T20:53:30.651Z] > authorizing via signed-in user (philippkanter@gmail.com)
[debug] [2025-05-19T20:53:30.652Z] [iam] checking project projekt-paddelboot for permissions ["datastore.indexes.create","datastore.indexes.delete","datastore.indexes.list","datastore.indexes.update","firebase.projects.get","firebasehosting.sites.update"]
[debug] [2025-05-19T20:53:30.652Z] Checked if tokens are valid: true, expires at: 1747690517300
[debug] [2025-05-19T20:53:30.652Z] Checked if tokens are valid: true, expires at: 1747690517300
[debug] [2025-05-19T20:53:30.652Z] >>> [apiv2][query] POST https://cloudresourcemanager.googleapis.com/v1/projects/projekt-paddelboot:testIamPermissions [none]
[debug] [2025-05-19T20:53:30.652Z] >>> [apiv2][(partial)header] POST https://cloudresourcemanager.googleapis.com/v1/projects/projekt-paddelboot:testIamPermissions x-goog-quota-user=projects/projekt-paddelboot
[debug] [2025-05-19T20:53:30.653Z] >>> [apiv2][body] POST https://cloudresourcemanager.googleapis.com/v1/projects/projekt-paddelboot:testIamPermissions {"permissions":["datastore.indexes.create","datastore.indexes.delete","datastore.indexes.list","datastore.indexes.update","firebase.projects.get","firebasehosting.sites.update"]}
[debug] [2025-05-19T20:53:31.361Z] <<< [apiv2][status] POST https://cloudresourcemanager.googleapis.com/v1/projects/projekt-paddelboot:testIamPermissions 200
[debug] [2025-05-19T20:53:31.361Z] <<< [apiv2][body] POST https://cloudresourcemanager.googleapis.com/v1/projects/projekt-paddelboot:testIamPermissions {"permissions":["datastore.indexes.create","datastore.indexes.delete","datastore.indexes.list","datastore.indexes.update","firebase.projects.get","firebasehosting.sites.update"]}
[debug] [2025-05-19T20:53:31.361Z] Checked if tokens are valid: true, expires at: 1747690517300
[debug] [2025-05-19T20:53:31.362Z] Checked if tokens are valid: true, expires at: 1747690517300
[debug] [2025-05-19T20:53:31.362Z] >>> [apiv2][query] GET https://firebase.googleapis.com/v1beta1/projects/projekt-paddelboot [none]
[debug] [2025-05-19T20:53:31.694Z] <<< [apiv2][status] GET https://firebase.googleapis.com/v1beta1/projects/projekt-paddelboot 200
[debug] [2025-05-19T20:53:31.694Z] <<< [apiv2][body] GET https://firebase.googleapis.com/v1beta1/projects/projekt-paddelboot {"projectId":"projekt-paddelboot","projectNumber":"327036232467","displayName":"projekt-paddelboot","name":"projects/projekt-paddelboot","resources":{"hostingSite":"projekt-paddelboot"},"state":"ACTIVE","etag":"1_eccb9caa-e4ad-4cf4-9b3f-223828253895"}
[info] 
[info] === Deploying to 'projekt-paddelboot'...
[info] 
[info] i  deploying firestore, hosting 
[info] i  firestore: reading indexes from firestore.indexes.json... 
[info] i  cloud.firestore: checking firestore.rules for compilation errors... 
[debug] [2025-05-19T20:53:31.708Z] Checked if tokens are valid: true, expires at: 1747690517300
[debug] [2025-05-19T20:53:31.708Z] Checked if tokens are valid: true, expires at: 1747690517300
[debug] [2025-05-19T20:53:31.708Z] >>> [apiv2][query] POST https://firebaserules.googleapis.com/v1/projects/projekt-paddelboot:test [none]
[debug] [2025-05-19T20:53:31.708Z] >>> [apiv2][body] POST https://firebaserules.googleapis.com/v1/projects/projekt-paddelboot:test [omitted]
[debug] [2025-05-19T20:53:32.468Z] <<< [apiv2][status] POST https://firebaserules.googleapis.com/v1/projects/projekt-paddelboot:test 200
[debug] [2025-05-19T20:53:32.468Z] <<< [apiv2][body] POST https://firebaserules.googleapis.com/v1/projects/projekt-paddelboot:test {}
[info] ✔  cloud.firestore: rules file firestore.rules compiled successfully 
[debug] [2025-05-19T20:53:32.470Z] Checked if tokens are valid: true, expires at: 1747690517300
[debug] [2025-05-19T20:53:32.471Z] Checked if tokens are valid: true, expires at: 1747690517300
[debug] [2025-05-19T20:53:32.471Z] >>> [apiv2][query] POST https://firebasehosting.googleapis.com/v1beta1/projects/-/sites/projekt-paddelboot/versions [none]
[debug] [2025-05-19T20:53:32.471Z] >>> [apiv2][body] POST https://firebasehosting.googleapis.com/v1beta1/projects/-/sites/projekt-paddelboot/versions {"status":"CREATED","labels":{"deployment-tool":"cli-firebase"}}
[debug] [2025-05-19T20:53:34.237Z] <<< [apiv2][status] POST https://firebasehosting.googleapis.com/v1beta1/projects/-/sites/projekt-paddelboot/versions 200
[debug] [2025-05-19T20:53:34.238Z] <<< [apiv2][body] POST https://firebasehosting.googleapis.com/v1beta1/projects/-/sites/projekt-paddelboot/versions {"name":"projects/327036232467/sites/projekt-paddelboot/versions/fc0e4ad9530967ee","status":"CREATED","config":{},"labels":{"deployment-tool":"cli-firebase"}}
[debug] [2025-05-19T20:53:34.238Z] Checked if tokens are valid: true, expires at: 1747690517300
[debug] [2025-05-19T20:53:34.238Z] Checked if tokens are valid: true, expires at: 1747690517300
[info] i  firestore: deploying indexes... 
[debug] [2025-05-19T20:53:34.239Z] Checked if tokens are valid: true, expires at: 1747690517300
[debug] [2025-05-19T20:53:34.239Z] Checked if tokens are valid: true, expires at: 1747690517300
[debug] [2025-05-19T20:53:34.239Z] >>> [apiv2][query] GET https://firebaserules.googleapis.com/v1/projects/projekt-paddelboot/releases pageSize=10&pageToken=
[debug] [2025-05-19T20:53:34.240Z] >>> [apiv2][query] GET https://firestore.googleapis.com/v1/projects/projekt-paddelboot/databases/(default)/collectionGroups/-/indexes [none]
[debug] [2025-05-19T20:53:34.408Z] <<< [apiv2][status] GET https://firestore.googleapis.com/v1/projects/projekt-paddelboot/databases/(default)/collectionGroups/-/indexes 200
[debug] [2025-05-19T20:53:34.409Z] <<< [apiv2][body] GET https://firestore.googleapis.com/v1/projects/projekt-paddelboot/databases/(default)/collectionGroups/-/indexes {}
[debug] [2025-05-19T20:53:34.409Z] Checked if tokens are valid: true, expires at: 1747690517300
[debug] [2025-05-19T20:53:34.409Z] Checked if tokens are valid: true, expires at: 1747690517300
[debug] [2025-05-19T20:53:34.409Z] >>> [apiv2][query] GET https://firestore.googleapis.com/v1/projects/projekt-paddelboot/databases/(default)/collectionGroups/-/fields?filter=indexConfig.usesAncestorConfig=false OR ttlConfig:* [none]
[debug] [2025-05-19T20:53:34.481Z] <<< [apiv2][status] GET https://firestore.googleapis.com/v1/projects/projekt-paddelboot/databases/(default)/collectionGroups/-/fields?filter=indexConfig.usesAncestorConfig=false OR ttlConfig:* 200
[debug] [2025-05-19T20:53:34.481Z] <<< [apiv2][body] GET https://firestore.googleapis.com/v1/projects/projekt-paddelboot/databases/(default)/collectionGroups/-/fields?filter=indexConfig.usesAncestorConfig=false OR ttlConfig:* {"fields":[{"name":"projects/projekt-paddelboot/databases/(default)/collectionGroups/__default__/fields/*","indexConfig":{"indexes":[{"queryScope":"COLLECTION","fields":[{"fieldPath":"*","order":"ASCENDING"}],"state":"READY"},{"queryScope":"COLLECTION","fields":[{"fieldPath":"*","order":"DESCENDING"}],"state":"READY"},{"queryScope":"COLLECTION","fields":[{"fieldPath":"*","arrayConfig":"CONTAINS"}],"state":"READY"}]}}]}
[info] ✔  firestore: deployed indexes in firestore.indexes.json successfully for (default) database 
[debug] [2025-05-19T20:53:34.930Z] <<< [apiv2][status] GET https://firebaserules.googleapis.com/v1/projects/projekt-paddelboot/releases 200
[debug] [2025-05-19T20:53:34.930Z] <<< [apiv2][body] GET https://firebaserules.googleapis.com/v1/projects/projekt-paddelboot/releases {"releases":[{"name":"projects/projekt-paddelboot/releases/cloud.firestore","rulesetName":"projects/projekt-paddelboot/rulesets/861edcfe-9275-461b-8c9a-2cbf1f84dd8b","createTime":"2025-05-14T20:12:26.901073Z","updateTime":"2025-05-19T20:35:26.634828Z"}]}
[debug] [2025-05-19T20:53:34.930Z] Checked if tokens are valid: true, expires at: 1747690517300
[debug] [2025-05-19T20:53:34.931Z] Checked if tokens are valid: true, expires at: 1747690517300
[debug] [2025-05-19T20:53:34.931Z] >>> [apiv2][query] GET https://firebaserules.googleapis.com/v1/projects/projekt-paddelboot/rulesets/861edcfe-9275-461b-8c9a-2cbf1f84dd8b [none]
[debug] [2025-05-19T20:53:35.620Z] <<< [apiv2][status] GET https://firebaserules.googleapis.com/v1/projects/projekt-paddelboot/rulesets/861edcfe-9275-461b-8c9a-2cbf1f84dd8b 200
[debug] [2025-05-19T20:53:35.620Z] <<< [apiv2][body] GET https://firebaserules.googleapis.com/v1/projects/projekt-paddelboot/rulesets/861edcfe-9275-461b-8c9a-2cbf1f84dd8b [omitted]
[info] i  firestore: uploading rules firestore.rules... 
[debug] [2025-05-19T20:53:35.620Z] Checked if tokens are valid: true, expires at: 1747690517300
[debug] [2025-05-19T20:53:35.620Z] Checked if tokens are valid: true, expires at: 1747690517300
[debug] [2025-05-19T20:53:35.620Z] >>> [apiv2][query] POST https://firebaserules.googleapis.com/v1/projects/projekt-paddelboot/rulesets [none]
[debug] [2025-05-19T20:53:35.620Z] >>> [apiv2][body] POST https://firebaserules.googleapis.com/v1/projects/projekt-paddelboot/rulesets [omitted]
[debug] [2025-05-19T20:53:35.944Z] <<< [apiv2][status] POST https://firebaserules.googleapis.com/v1/projects/projekt-paddelboot/rulesets 200
[debug] [2025-05-19T20:53:35.944Z] <<< [apiv2][body] POST https://firebaserules.googleapis.com/v1/projects/projekt-paddelboot/rulesets {"name":"projects/projekt-paddelboot/rulesets/c4162803-8506-4b21-b461-867e5158b36a","source":{"files":[{"content":"rules_version = '2';\nservice cloud.firestore {\n  match /databases/{database}/documents {\n\n    // Alle Daten liegen unter users/{userId}/...\n    match /users/{userId} {\n\n      // Personen\n      match /persons/{personId} {\n        allow read, write: if request.auth != null && request.auth.uid == userId;\n      }\n\n      // Resturlaub pro Person/Jahr\n      match /resturlaubData/{resturlaubId} {\n        allow read, write: if request.auth != null && request.auth.uid == userId;\n        // Optional: Validierung der Felder\n        allow update, create: if request.resource.data.tage is int && request.resource.data.tage >= 0;\n      }\n\n      // Beschäftigungsdaten pro Person/Jahr\n      match /employmentData/{employmentId} {\n        allow read, write: if request.auth != null && request.auth.uid == userId;\n        // Optional: Validierung der Felder\n        allow update, create: if\n          (request.resource.data.percentage is int && request.resource.data.percentage >= 0 && request.resource.data.percentage <= 100) &&\n          (request.resource.data.type == 'full-time' || request.resource.data.type == 'part-time');\n      }\n\n      // Jahreskonfigurationen\n      match /yearConfigurations/{yearId} {\n        allow read, write: if request.auth != null && request.auth.uid == userId;\n        // Optional: Validierung der Felder\n        allow update, create: if request.resource.data.urlaubsanspruch is int && request.resource.data.urlaubsanspruch >= 0;\n      }\n\n      // Tagesstatus-Einträge (pro Person/Tag oder global)\n      match /dayStatusEntries/{entryId} {\n        allow read, write: if request.auth != null && request.auth.uid == userId;\n        // Optional: Validierung der Felder\n        allow update, create: if\n          request.resource.data.year is int &&\n          request.resource.data.month is int &&\n          request.resource.data.day is int &&\n          request.resource.data.status is string &&\n          request.resource.data.personId is string;\n      }\n    }\n  }\n}","name":"firestore.rules"}]},"createTime":"2025-05-19T20:53:35.861071Z","metadata":{"services":["cloud.firestore"]}}
[debug] [2025-05-19T20:53:35.944Z] [rules] created ruleset projects/projekt-paddelboot/rulesets/c4162803-8506-4b21-b461-867e5158b36a
[info] i  hosting[projekt-paddelboot]: beginning deploy... 
[info] i  hosting[projekt-paddelboot]: found 14 files in build 
[debug] [2025-05-19T20:53:35.961Z] [hosting] uploading with 200 concurrency
[debug] [2025-05-19T20:53:36.203Z] Checked if tokens are valid: true, expires at: 1747690517300
[debug] [2025-05-19T20:53:36.203Z] Checked if tokens are valid: true, expires at: 1747690517300
[debug] [2025-05-19T20:53:36.204Z] [hosting] hash cache [YnVpbGQ] stored for 14 files
[debug] [2025-05-19T20:53:36.204Z] [hosting][hash queue][FINAL] {"max":238,"min":3,"avg":23,"active":0,"complete":14,"success":14,"errored":0,"retried":0,"total":14,"elapsed":241}
[debug] [2025-05-19T20:53:36.204Z] >>> [apiv2][query] POST https://firebasehosting.googleapis.com/v1beta1/projects/327036232467/sites/projekt-paddelboot/versions/fc0e4ad9530967ee:populateFiles [none]
[debug] [2025-05-19T20:53:36.204Z] >>> [apiv2][body] POST https://firebasehosting.googleapis.com/v1beta1/projects/327036232467/sites/projekt-paddelboot/versions/fc0e4ad9530967ee:populateFiles {"files":{"/robots.txt":"391d14b3c2f8c9143a27a28c7399585142228d4d1bdbe2c87ac946de411fa9a2","/logo192.png":"caff018b7f1e8fd481eb1c50d75b0ef236bcd5078b1d15c8bb348453fee30293","/favicon.ico":"b72f7455f00e4e58792d2bca892abb068e2213838c0316d6b7a0d6d16acd1955","/asset-manifest.json":"65143a3a20c92b28e52d9e83f9fa9fe6744a1495b4df5e9e6bc73c0e40cb3a78","/logo512.png":"191fc21360b4ccfb1cda11a1efb97f489ed22672ca83f4064316802bbfdd750e","/static/js/main.533a56df.js.LICENSE.txt":"e5de4ad306659b80678c201044b4d91bf39a096b59fe70b422186b9608cf2f31","/static/js/453.2f46ca53.chunk.js":"3eefbe88a2d45d26694e2bb2eae47e3c9667b96b11860cd49a9e573d5dfc9a80","/manifest.json":"341d52628782f8ac9290bbfc43298afccb47b7cbfcee146ae30cf0f46bc30900","/static/css/main.ae4219fc.css.map":"235a6fe0b061a8a7b9f6d4627d5372b6860e3462debdf1ecaacb48b7625ae222","/index.html":"8e1bdaa640e7fd144ff7d294e20bdb5adeacdc7b9693aa73be4b1bee5076f0d0","/static/js/453.2f46ca53.chunk.js.map":"2ee29cd3c7b28637f9cf22199dff274fe85926144a44674930bc39ae40991e0c","/static/css/main.ae4219fc.css":"76310b1285eeb87f4a1f0c02ed198cc4b923d99e4624b6d5fea84c4f9bcaa6e1","/static/js/main.533a56df.js":"8ecefdba364aa8125ea25cef9b13f6026517e1823631bb7def3e8985378e3d3d","/static/js/main.533a56df.js.map":"0cef79f2772d4acba9fa3e13987dd2ab9a821719d33cf9114ecb07e2257d3c32"}}
[debug] [2025-05-19T20:53:36.834Z] <<< [apiv2][status] POST https://firebasehosting.googleapis.com/v1beta1/projects/327036232467/sites/projekt-paddelboot/versions/fc0e4ad9530967ee:populateFiles 200
[debug] [2025-05-19T20:53:36.835Z] <<< [apiv2][body] POST https://firebasehosting.googleapis.com/v1beta1/projects/327036232467/sites/projekt-paddelboot/versions/fc0e4ad9530967ee:populateFiles {"uploadRequiredHashes":["65143a3a20c92b28e52d9e83f9fa9fe6744a1495b4df5e9e6bc73c0e40cb3a78","0cef79f2772d4acba9fa3e13987dd2ab9a821719d33cf9114ecb07e2257d3c32","8e1bdaa640e7fd144ff7d294e20bdb5adeacdc7b9693aa73be4b1bee5076f0d0","8ecefdba364aa8125ea25cef9b13f6026517e1823631bb7def3e8985378e3d3d"],"uploadUrl":"https://upload-firebasehosting.googleapis.com/upload/sites/projekt-paddelboot/versions/fc0e4ad9530967ee/files"}
[debug] [2025-05-19T20:53:36.835Z] Checked if tokens are valid: true, expires at: 1747690517300
[debug] [2025-05-19T20:53:36.835Z] Checked if tokens are valid: true, expires at: 1747690517300
[debug] [2025-05-19T20:53:36.835Z] Checked if tokens are valid: true, expires at: 1747690517300
[debug] [2025-05-19T20:53:36.835Z] Checked if tokens are valid: true, expires at: 1747690517300
[debug] [2025-05-19T20:53:36.836Z] Checked if tokens are valid: true, expires at: 1747690517300
[debug] [2025-05-19T20:53:36.836Z] Checked if tokens are valid: true, expires at: 1747690517300
[debug] [2025-05-19T20:53:36.836Z] Checked if tokens are valid: true, expires at: 1747690517300
[debug] [2025-05-19T20:53:36.836Z] Checked if tokens are valid: true, expires at: 1747690517300
[debug] [2025-05-19T20:53:36.836Z] >>> [apiv2][query] POST https://upload-firebasehosting.googleapis.com/upload/sites/projekt-paddelboot/versions/fc0e4ad9530967ee/files/65143a3a20c92b28e52d9e83f9fa9fe6744a1495b4df5e9e6bc73c0e40cb3a78 [none]
[debug] [2025-05-19T20:53:36.836Z] >>> [apiv2][body] POST https://upload-firebasehosting.googleapis.com/upload/sites/projekt-paddelboot/versions/fc0e4ad9530967ee/files/65143a3a20c92b28e52d9e83f9fa9fe6744a1495b4df5e9e6bc73c0e40cb3a78 [stream]
[debug] [2025-05-19T20:53:36.837Z] >>> [apiv2][query] POST https://upload-firebasehosting.googleapis.com/upload/sites/projekt-paddelboot/versions/fc0e4ad9530967ee/files/0cef79f2772d4acba9fa3e13987dd2ab9a821719d33cf9114ecb07e2257d3c32 [none]
[debug] [2025-05-19T20:53:36.837Z] >>> [apiv2][body] POST https://upload-firebasehosting.googleapis.com/upload/sites/projekt-paddelboot/versions/fc0e4ad9530967ee/files/0cef79f2772d4acba9fa3e13987dd2ab9a821719d33cf9114ecb07e2257d3c32 [stream]
[debug] [2025-05-19T20:53:36.838Z] >>> [apiv2][query] POST https://upload-firebasehosting.googleapis.com/upload/sites/projekt-paddelboot/versions/fc0e4ad9530967ee/files/8e1bdaa640e7fd144ff7d294e20bdb5adeacdc7b9693aa73be4b1bee5076f0d0 [none]
[debug] [2025-05-19T20:53:36.838Z] >>> [apiv2][body] POST https://upload-firebasehosting.googleapis.com/upload/sites/projekt-paddelboot/versions/fc0e4ad9530967ee/files/8e1bdaa640e7fd144ff7d294e20bdb5adeacdc7b9693aa73be4b1bee5076f0d0 [stream]
[debug] [2025-05-19T20:53:36.839Z] >>> [apiv2][query] POST https://upload-firebasehosting.googleapis.com/upload/sites/projekt-paddelboot/versions/fc0e4ad9530967ee/files/8ecefdba364aa8125ea25cef9b13f6026517e1823631bb7def3e8985378e3d3d [none]
[debug] [2025-05-19T20:53:36.839Z] >>> [apiv2][body] POST https://upload-firebasehosting.googleapis.com/upload/sites/projekt-paddelboot/versions/fc0e4ad9530967ee/files/8ecefdba364aa8125ea25cef9b13f6026517e1823631bb7def3e8985378e3d3d [stream]
[debug] [2025-05-19T20:53:36.840Z] [hosting][populate queue][FINAL] {"max":633,"min":633,"avg":633,"active":0,"complete":1,"success":1,"errored":0,"retried":0,"total":1,"elapsed":637}
[debug] [2025-05-19T20:53:36.840Z] [hosting] uploads queued: 4
[debug] [2025-05-19T20:53:38.159Z] <<< [apiv2][status] POST https://upload-firebasehosting.googleapis.com/upload/sites/projekt-paddelboot/versions/fc0e4ad9530967ee/files/8e1bdaa640e7fd144ff7d294e20bdb5adeacdc7b9693aa73be4b1bee5076f0d0 200
[debug] [2025-05-19T20:53:38.160Z] <<< [apiv2][body] POST https://upload-firebasehosting.googleapis.com/upload/sites/projekt-paddelboot/versions/fc0e4ad9530967ee/files/8e1bdaa640e7fd144ff7d294e20bdb5adeacdc7b9693aa73be4b1bee5076f0d0 [stream]
[debug] [2025-05-19T20:53:38.170Z] <<< [apiv2][status] POST https://upload-firebasehosting.googleapis.com/upload/sites/projekt-paddelboot/versions/fc0e4ad9530967ee/files/65143a3a20c92b28e52d9e83f9fa9fe6744a1495b4df5e9e6bc73c0e40cb3a78 200
[debug] [2025-05-19T20:53:38.170Z] <<< [apiv2][body] POST https://upload-firebasehosting.googleapis.com/upload/sites/projekt-paddelboot/versions/fc0e4ad9530967ee/files/65143a3a20c92b28e52d9e83f9fa9fe6744a1495b4df5e9e6bc73c0e40cb3a78 [stream]
[debug] [2025-05-19T20:53:38.431Z] <<< [apiv2][status] POST https://upload-firebasehosting.googleapis.com/upload/sites/projekt-paddelboot/versions/fc0e4ad9530967ee/files/8ecefdba364aa8125ea25cef9b13f6026517e1823631bb7def3e8985378e3d3d 200
[debug] [2025-05-19T20:53:38.431Z] <<< [apiv2][body] POST https://upload-firebasehosting.googleapis.com/upload/sites/projekt-paddelboot/versions/fc0e4ad9530967ee/files/8ecefdba364aa8125ea25cef9b13f6026517e1823631bb7def3e8985378e3d3d [stream]
[debug] [2025-05-19T20:53:38.446Z] <<< [apiv2][status] POST https://upload-firebasehosting.googleapis.com/upload/sites/projekt-paddelboot/versions/fc0e4ad9530967ee/files/0cef79f2772d4acba9fa3e13987dd2ab9a821719d33cf9114ecb07e2257d3c32 200
[debug] [2025-05-19T20:53:38.447Z] <<< [apiv2][body] POST https://upload-firebasehosting.googleapis.com/upload/sites/projekt-paddelboot/versions/fc0e4ad9530967ee/files/0cef79f2772d4acba9fa3e13987dd2ab9a821719d33cf9114ecb07e2257d3c32 [stream]
[debug] [2025-05-19T20:53:38.447Z] [hosting][upload queue][FINAL] {"max":1612,"min":1324,"avg":1466.5,"active":0,"complete":4,"success":4,"errored":0,"retried":0,"total":4,"elapsed":1612}
[info] ✔  hosting[projekt-paddelboot]: file upload complete 
[debug] [2025-05-19T20:53:38.455Z] [hosting] deploy completed after 2508ms
[debug] [2025-05-19T20:53:38.456Z] [rules] releasing cloud.firestore/(default) with ruleset projects/projekt-paddelboot/rulesets/c4162803-8506-4b21-b461-867e5158b36a
[debug] [2025-05-19T20:53:38.457Z] Checked if tokens are valid: true, expires at: 1747690517300
[debug] [2025-05-19T20:53:38.457Z] Checked if tokens are valid: true, expires at: 1747690517300
[debug] [2025-05-19T20:53:38.458Z] >>> [apiv2][query] PATCH https://firebaserules.googleapis.com/v1/projects/projekt-paddelboot/releases/cloud.firestore/(default) [none]
[debug] [2025-05-19T20:53:38.458Z] >>> [apiv2][body] PATCH https://firebaserules.googleapis.com/v1/projects/projekt-paddelboot/releases/cloud.firestore/(default) {"release":{"name":"projects/projekt-paddelboot/releases/cloud.firestore/(default)","rulesetName":"projects/projekt-paddelboot/rulesets/c4162803-8506-4b21-b461-867e5158b36a"}}
[debug] [2025-05-19T20:53:39.308Z] <<< [apiv2][status] PATCH https://firebaserules.googleapis.com/v1/projects/projekt-paddelboot/releases/cloud.firestore/(default) 200
[debug] [2025-05-19T20:53:39.309Z] <<< [apiv2][body] PATCH https://firebaserules.googleapis.com/v1/projects/projekt-paddelboot/releases/cloud.firestore/(default) {"name":"projects/projekt-paddelboot/releases/cloud.firestore","rulesetName":"projects/projekt-paddelboot/rulesets/c4162803-8506-4b21-b461-867e5158b36a","createTime":"2025-05-14T20:12:26.901073Z","updateTime":"2025-05-19T20:53:39.226528Z"}
[debug] [2025-05-19T20:53:39.309Z] [rules] updated release projects/projekt-paddelboot/releases/cloud.firestore
[info] ✔  firestore: released rules firestore.rules to cloud.firestore 
[debug] [2025-05-19T20:53:39.309Z] [
  {
    "config": {
      "public": "build",
      "ignore": [
        "firebase.json",
        "**/.*",
        "**/node_modules/**"
      ],
      "rewrites": [
        {
          "source": "**",
          "destination": "/index.html"
        }
      ],
      "site": "projekt-paddelboot"
    },
    "version": "projects/327036232467/sites/projekt-paddelboot/versions/fc0e4ad9530967ee"
  }
]
[info] i  hosting[projekt-paddelboot]: finalizing version... 
[debug] [2025-05-19T20:53:39.311Z] Checked if tokens are valid: true, expires at: 1747690517300
[debug] [2025-05-19T20:53:39.311Z] Checked if tokens are valid: true, expires at: 1747690517300
[debug] [2025-05-19T20:53:39.311Z] >>> [apiv2][query] PATCH https://firebasehosting.googleapis.com/v1beta1/projects/-/sites/projekt-paddelboot/versions/fc0e4ad9530967ee updateMask=status%2Cconfig
[debug] [2025-05-19T20:53:39.311Z] >>> [apiv2][body] PATCH https://firebasehosting.googleapis.com/v1beta1/projects/-/sites/projekt-paddelboot/versions/fc0e4ad9530967ee {"status":"FINALIZED","config":{"rewrites":[{"glob":"**","path":"/index.html"}]}}
